[W 240809 12:14:09 smartWebSocketV2:319] Attempting to resubscribe/reconnect (Attempt 1)...
[W 240809 12:14:19 smartWebSocketV2:343] Connection closed due to max retry attempts reached.
[W 240809 12:14:19 smartWebSocketV2:343] Connection closed due to max retry attempts reached.
[W 240809 12:14:19 smartWebSocketV2:343] Connection closed due to max retry attempts reached.
[W 240809 12:14:19 smartWebSocketV2:343] Connection closed due to max retry attempts reached.
[W 240809 12:14:19 smartWebSocketV2:343] Connection closed due to max retry attempts reached.
[I 240809 12:14:20 smartConnect:121] in pool
[W 240809 12:14:21 smartWebSocketV2:319] Attempting to resubscribe/reconnect (Attempt 1)...
[W 240809 12:14:31 smartWebSocketV2:343] Connection closed due to max retry attempts reached.
[W 240809 12:14:31 smartWebSocketV2:343] Connection closed due to max retry attempts reached.
[W 240809 12:14:31 smartWebSocketV2:343] Connection closed due to max retry attempts reached.
[W 240809 12:14:31 smartWebSocketV2:343] Connection closed due to max retry attempts reached.
[W 240809 12:14:31 smartWebSocketV2:343] Connection closed due to max retry attempts reached.
[I 240809 12:14:32 smartConnect:121] in pool
[W 240809 12:14:33 smartWebSocketV2:319] Attempting to resubscribe/reconnect (Attempt 1)...
[W 240809 12:14:43 smartWebSocketV2:343] Connection closed due to max retry attempts reached.
[W 240809 12:14:43 smartWebSocketV2:343] Connection closed due to max retry attempts reached.
[W 240809 12:14:43 smartWebSocketV2:343] Connection closed due to max retry attempts reached.
[W 240809 12:14:43 smartWebSocketV2:343] Connection closed due to max retry attempts reached.
[W 240809 12:14:43 smartWebSocketV2:343] Connection closed due to max retry attempts reached.
[I 240809 12:14:44 smartConnect:121] in pool
[W 240809 12:14:45 smartWebSocketV2:319] Attempting to resubscribe/reconnect (Attempt 1)...
[W 240809 12:14:55 smartWebSocketV2:343] Connection closed due to max retry attempts reached.
[W 240809 12:14:55 smartWebSocketV2:343] Connection closed due to max retry attempts reached.
[W 240809 12:14:55 smartWebSocketV2:343] Connection closed due to max retry attempts reached.
[W 240809 12:14:55 smartWebSocketV2:343] Connection closed due to max retry attempts reached.
[W 240809 12:14:55 smartWebSocketV2:343] Connection closed due to max retry attempts reached.
[I 240809 12:14:56 smartConnect:121] in pool
[W 240809 12:14:56 smartWebSocketV2:319] Attempting to resubscribe/reconnect (Attempt 1)...
[W 240809 12:16:44 smartWebSocketV2:319] Attempting to resubscribe/reconnect (Attempt 1)...
[W 240809 12:16:55 smartWebSocketV2:343] Connection closed due to max retry attempts reached.
[W 240809 12:16:55 smartWebSocketV2:343] Connection closed due to max retry attempts reached.
[W 240809 12:16:55 smartWebSocketV2:343] Connection closed due to max retry attempts reached.
[W 240809 12:16:55 smartWebSocketV2:343] Connection closed due to max retry attempts reached.
[W 240809 12:16:55 smartWebSocketV2:343] Connection closed due to max retry attempts reached.
[I 240809 12:16:56 smartConnect:121] in pool
[W 240809 12:16:56 smartWebSocketV2:319] Attempting to resubscribe/reconnect (Attempt 1)...
[W 240809 14:24:53 smartWebSocketV2:319] Attempting to resubscribe/reconnect (Attempt 1)...
[W 240809 14:25:03 smartWebSocketV2:343] Connection closed due to max retry attempts reached.
[W 240809 14:25:03 smartWebSocketV2:343] Connection closed due to max retry attempts reached.
[W 240809 14:25:03 smartWebSocketV2:343] Connection closed due to max retry attempts reached.
[W 240809 14:25:03 smartWebSocketV2:343] Connection closed due to max retry attempts reached.
[W 240809 14:25:03 smartWebSocketV2:343] Connection closed due to max retry attempts reached.
[I 240809 14:25:04 smartConnect:121] in pool
[W 240809 14:25:05 smartWebSocketV2:319] Attempting to resubscribe/reconnect (Attempt 1)...
[W 240809 14:25:15 smartWebSocketV2:343] Connection closed due to max retry attempts reached.
[W 240809 14:25:15 smartWebSocketV2:343] Connection closed due to max retry attempts reached.
[W 240809 14:25:15 smartWebSocketV2:343] Connection closed due to max retry attempts reached.
[W 240809 14:25:15 smartWebSocketV2:343] Connection closed due to max retry attempts reached.
[W 240809 14:25:15 smartWebSocketV2:343] Connection closed due to max retry attempts reached.
[I 240809 14:25:16 smartConnect:121] in pool
[W 240809 14:25:16 smartWebSocketV2:319] Attempting to resubscribe/reconnect (Attempt 1)...
[W 240809 14:25:45 smartWebSocketV2:319] Attempting to resubscribe/reconnect (Attempt 1)...
[W 240809 14:25:56 smartWebSocketV2:343] Connection closed due to max retry attempts reached.
[W 240809 14:25:56 smartWebSocketV2:343] Connection closed due to max retry attempts reached.
[W 240809 14:25:56 smartWebSocketV2:343] Connection closed due to max retry attempts reached.
[W 240809 14:25:56 smartWebSocketV2:343] Connection closed due to max retry attempts reached.
[W 240809 14:25:56 smartWebSocketV2:343] Connection closed due to max retry attempts reached.
[I 240809 14:25:57 smartConnect:121] in pool
[W 240809 14:25:57 smartWebSocketV2:319] Attempting to resubscribe/reconnect (Attempt 1)...
[W 240809 14:28:03 smartWebSocketV2:319] Attempting to resubscribe/reconnect (Attempt 1)...
[W 240809 14:28:13 smartWebSocketV2:343] Connection closed due to max retry attempts reached.
[W 240809 14:28:13 smartWebSocketV2:343] Connection closed due to max retry attempts reached.
[W 240809 14:28:13 smartWebSocketV2:343] Connection closed due to max retry attempts reached.
[W 240809 14:28:13 smartWebSocketV2:343] Connection closed due to max retry attempts reached.
[W 240809 14:28:13 smartWebSocketV2:343] Connection closed due to max retry attempts reached.
[I 240809 14:28:14 smartConnect:121] in pool
[W 240809 14:28:15 smartWebSocketV2:319] Attempting to resubscribe/reconnect (Attempt 1)...
[W 240809 14:28:25 smartWebSocketV2:343] Connection closed due to max retry attempts reached.
[W 240809 14:28:25 smartWebSocketV2:343] Connection closed due to max retry attempts reached.
[W 240809 14:28:25 smartWebSocketV2:343] Connection closed due to max retry attempts reached.
[W 240809 14:28:25 smartWebSocketV2:343] Connection closed due to max retry attempts reached.
[W 240809 14:28:25 smartWebSocketV2:343] Connection closed due to max retry attempts reached.
[I 240809 14:28:26 smartConnect:121] in pool
[W 240809 14:28:27 smartWebSocketV2:319] Attempting to resubscribe/reconnect (Attempt 1)...
[W 240809 14:28:37 smartWebSocketV2:343] Connection closed due to max retry attempts reached.
[W 240809 14:28:37 smartWebSocketV2:343] Connection closed due to max retry attempts reached.
[W 240809 14:28:37 smartWebSocketV2:343] Connection closed due to max retry attempts reached.
[W 240809 14:28:37 smartWebSocketV2:343] Connection closed due to max retry attempts reached.
[W 240809 14:28:37 smartWebSocketV2:343] Connection closed due to max retry attempts reached.
[I 240809 14:28:38 smartConnect:121] in pool
[W 240809 14:28:38 smartWebSocketV2:319] Attempting to resubscribe/reconnect (Attempt 1)...
[W 240809 14:28:49 smartWebSocketV2:343] Connection closed due to max retry attempts reached.
[W 240809 14:28:49 smartWebSocketV2:343] Connection closed due to max retry attempts reached.
[W 240809 14:28:49 smartWebSocketV2:343] Connection closed due to max retry attempts reached.
[W 240809 14:28:49 smartWebSocketV2:343] Connection closed due to max retry attempts reached.
[W 240809 14:28:49 smartWebSocketV2:343] Connection closed due to max retry attempts reached.
[I 240809 14:28:50 smartConnect:121] in pool
[W 240809 14:28:50 smartWebSocketV2:319] Attempting to resubscribe/reconnect (Attempt 1)...
[W 240809 14:29:00 smartWebSocketV2:343] Connection closed due to max retry attempts reached.
[W 240809 14:29:00 smartWebSocketV2:343] Connection closed due to max retry attempts reached.
[W 240809 14:29:00 smartWebSocketV2:343] Connection closed due to max retry attempts reached.
[W 240809 14:29:00 smartWebSocketV2:343] Connection closed due to max retry attempts reached.
[W 240809 14:29:00 smartWebSocketV2:343] Connection closed due to max retry attempts reached.
[I 240809 14:29:01 smartConnect:121] in pool
[W 240809 14:29:02 smartWebSocketV2:319] Attempting to resubscribe/reconnect (Attempt 1)...
[W 240809 14:29:12 smartWebSocketV2:343] Connection closed due to max retry attempts reached.
[W 240809 14:29:12 smartWebSocketV2:343] Connection closed due to max retry attempts reached.
[W 240809 14:29:12 smartWebSocketV2:343] Connection closed due to max retry attempts reached.
[W 240809 14:29:12 smartWebSocketV2:343] Connection closed due to max retry attempts reached.
[W 240809 14:29:12 smartWebSocketV2:343] Connection closed due to max retry attempts reached.
[I 240809 14:29:13 smartConnect:121] in pool
[W 240809 14:29:14 smartWebSocketV2:319] Attempting to resubscribe/reconnect (Attempt 1)...
[W 240809 14:29:24 smartWebSocketV2:343] Connection closed due to max retry attempts reached.
[W 240809 14:29:24 smartWebSocketV2:343] Connection closed due to max retry attempts reached.
[W 240809 14:29:24 smartWebSocketV2:343] Connection closed due to max retry attempts reached.
[W 240809 14:29:24 smartWebSocketV2:343] Connection closed due to max retry attempts reached.
[W 240809 14:29:24 smartWebSocketV2:343] Connection closed due to max retry attempts reached.
[I 240809 14:29:25 smartConnect:121] in pool
[W 240809 14:29:26 smartWebSocketV2:319] Attempting to resubscribe/reconnect (Attempt 1)...
[W 240809 14:53:08 smartWebSocketV2:319] Attempting to resubscribe/reconnect (Attempt 1)...
[W 240809 14:53:18 smartWebSocketV2:343] Connection closed due to max retry attempts reached.
[W 240809 14:53:18 smartWebSocketV2:343] Connection closed due to max retry attempts reached.
[W 240809 14:53:18 smartWebSocketV2:343] Connection closed due to max retry attempts reached.
[W 240809 14:53:18 smartWebSocketV2:343] Connection closed due to max retry attempts reached.
[W 240809 14:53:18 smartWebSocketV2:343] Connection closed due to max retry attempts reached.
[I 240809 14:53:19 smartConnect:121] in pool
[W 240809 14:53:20 smartWebSocketV2:319] Attempting to resubscribe/reconnect (Attempt 1)...
[W 240809 14:53:30 smartWebSocketV2:343] Connection closed due to max retry attempts reached.
[W 240809 14:53:30 smartWebSocketV2:343] Connection closed due to max retry attempts reached.
[W 240809 14:53:30 smartWebSocketV2:343] Connection closed due to max retry attempts reached.
[W 240809 14:53:30 smartWebSocketV2:343] Connection closed due to max retry attempts reached.
[W 240809 14:53:30 smartWebSocketV2:343] Connection closed due to max retry attempts reached.
[I 240809 14:53:31 smartConnect:121] in pool
[W 240809 14:53:32 smartWebSocketV2:319] Attempting to resubscribe/reconnect (Attempt 1)...
[W 240809 14:53:56 smartWebSocketV2:319] Attempting to resubscribe/reconnect (Attempt 1)...
[W 240809 14:54:06 smartWebSocketV2:343] Connection closed due to max retry attempts reached.
[W 240809 14:54:06 smartWebSocketV2:343] Connection closed due to max retry attempts reached.
[W 240809 14:54:06 smartWebSocketV2:343] Connection closed due to max retry attempts reached.
[W 240809 14:54:06 smartWebSocketV2:343] Connection closed due to max retry attempts reached.
[W 240809 14:54:06 smartWebSocketV2:343] Connection closed due to max retry attempts reached.
[I 240809 14:54:07 smartConnect:121] in pool
[W 240809 14:54:07 smartWebSocketV2:319] Attempting to resubscribe/reconnect (Attempt 1)...
[W 240809 14:54:18 smartWebSocketV2:343] Connection closed due to max retry attempts reached.
[W 240809 14:54:18 smartWebSocketV2:343] Connection closed due to max retry attempts reached.
[W 240809 14:54:18 smartWebSocketV2:343] Connection closed due to max retry attempts reached.
[W 240809 14:54:18 smartWebSocketV2:343] Connection closed due to max retry attempts reached.
[W 240809 14:54:18 smartWebSocketV2:343] Connection closed due to max retry attempts reached.
[I 240809 14:54:19 smartConnect:121] in pool
[W 240809 14:54:19 smartWebSocketV2:319] Attempting to resubscribe/reconnect (Attempt 1)...
[W 240809 14:54:29 smartWebSocketV2:343] Connection closed due to max retry attempts reached.
[W 240809 14:54:30 smartWebSocketV2:343] Connection closed due to max retry attempts reached.
[W 240809 14:54:30 smartWebSocketV2:343] Connection closed due to max retry attempts reached.
[W 240809 14:54:30 smartWebSocketV2:343] Connection closed due to max retry attempts reached.
[W 240809 14:54:30 smartWebSocketV2:343] Connection closed due to max retry attempts reached.
[I 240809 14:54:31 smartConnect:121] in pool
[E 240809 14:54:38 smartConnect:218] Error occurred while making a POST request to https://apiconnect.angelbroking.com/rest/auth/angelbroking/user/v1/loginByPassword. Headers: {'Content-type': 'application/json', 'X-ClientLocalIP': '127.0.0.1', 'X-ClientPublicIP': '106.193.147.98', 'X-MACAddress': '02:42:ac:15:00:03', 'Accept': 'application/json', 'X-PrivateKey': 'tp1uMyPI', 'X-UserType': 'USER', 'X-SourceID': 'WEB'}, Request: {'clientcode': 'R50204921', 'password': '2802', 'totp': '544283'}, Response: HTTPSConnectionPool(host='apiconnect.angelbroking.com', port=443): Read timed out. (read timeout=7)
[W 240809 15:14:14 smartWebSocketV2:319] Attempting to resubscribe/reconnect (Attempt 1)...
[W 240809 15:14:24 smartWebSocketV2:343] Connection closed due to max retry attempts reached.
[W 240809 15:14:24 smartWebSocketV2:343] Connection closed due to max retry attempts reached.
[W 240809 15:14:24 smartWebSocketV2:343] Connection closed due to max retry attempts reached.
[W 240809 15:14:24 smartWebSocketV2:343] Connection closed due to max retry attempts reached.
[W 240809 15:14:24 smartWebSocketV2:343] Connection closed due to max retry attempts reached.
[I 240809 15:17:13 smartConnect:121] in pool
[W 240809 15:17:14 smartWebSocketV2:319] Attempting to resubscribe/reconnect (Attempt 1)...
[W 240809 15:17:24 smartWebSocketV2:343] Connection closed due to max retry attempts reached.
[W 240809 15:17:24 smartWebSocketV2:343] Connection closed due to max retry attempts reached.
[W 240809 15:17:24 smartWebSocketV2:343] Connection closed due to max retry attempts reached.
[W 240809 15:17:24 smartWebSocketV2:343] Connection closed due to max retry attempts reached.
[W 240809 15:17:24 smartWebSocketV2:343] Connection closed due to max retry attempts reached.
[E 240809 15:23:38 smartConnect:218] Error occurred while making a POST request to https://apiconnect.angelbroking.com/rest/auth/angelbroking/user/v1/loginByPassword. Headers: {'Content-type': 'application/json', 'X-ClientLocalIP': '127.0.0.1', 'X-ClientPublicIP': '106.193.147.98', 'X-MACAddress': '02:42:ac:15:00:03', 'Accept': 'application/json', 'X-PrivateKey': 'tp1uMyPI', 'X-UserType': 'USER', 'X-SourceID': 'WEB'}, Request: {'clientcode': 'R50204921', 'password': '2802', 'totp': '371535'}, Response: HTTPSConnectionPool(host='apiconnect.angelbroking.com', port=443): Max retries exceeded with url: /rest/auth/angelbroking/user/v1/loginByPassword (Caused by NameResolutionError("<urllib3.connection.HTTPSConnection object at 0x7f65cc4ec760>: Failed to resolve 'apiconnect.angelbroking.com' ([Errno -3] Temporary failure in name resolution)"))
[W 240809 17:18:43 smartWebSocketV2:319] Attempting to resubscribe/reconnect (Attempt 1)...
[W 240809 17:18:53 smartWebSocketV2:343] Connection closed due to max retry attempts reached.
[W 240809 17:18:53 smartWebSocketV2:343] Connection closed due to max retry attempts reached.
[W 240809 17:18:53 smartWebSocketV2:343] Connection closed due to max retry attempts reached.
[W 240809 17:18:53 smartWebSocketV2:343] Connection closed due to max retry attempts reached.
[W 240809 17:18:53 smartWebSocketV2:343] Connection closed due to max retry attempts reached.
[W 240809 17:19:15 smartWebSocketV2:319] Attempting to resubscribe/reconnect (Attempt 1)...
[W 240809 17:19:25 smartWebSocketV2:343] Connection closed due to max retry attempts reached.
[W 240809 17:19:25 smartWebSocketV2:343] Connection closed due to max retry attempts reached.
[W 240809 17:19:25 smartWebSocketV2:343] Connection closed due to max retry attempts reached.
[W 240809 17:19:25 smartWebSocketV2:343] Connection closed due to max retry attempts reached.
[W 240809 17:19:25 smartWebSocketV2:343] Connection closed due to max retry attempts reached.
[W 240809 17:19:52 smartWebSocketV2:319] Attempting to resubscribe/reconnect (Attempt 1)...
[W 240809 17:20:02 smartWebSocketV2:343] Connection closed due to max retry attempts reached.
[W 240809 17:20:02 smartWebSocketV2:343] Connection closed due to max retry attempts reached.
[W 240809 17:20:02 smartWebSocketV2:343] Connection closed due to max retry attempts reached.
[W 240809 17:20:02 smartWebSocketV2:343] Connection closed due to max retry attempts reached.
[W 240809 17:20:02 smartWebSocketV2:343] Connection closed due to max retry attempts reached.
[I 240809 17:20:03 smartConnect:121] in pool
[W 240809 17:20:03 smartWebSocketV2:319] Attempting to resubscribe/reconnect (Attempt 1)...
[W 240809 17:20:14 smartWebSocketV2:343] Connection closed due to max retry attempts reached.
[W 240809 17:20:14 smartWebSocketV2:343] Connection closed due to max retry attempts reached.
[W 240809 17:20:14 smartWebSocketV2:343] Connection closed due to max retry attempts reached.
[W 240809 17:20:14 smartWebSocketV2:343] Connection closed due to max retry attempts reached.
[W 240809 17:20:14 smartWebSocketV2:343] Connection closed due to max retry attempts reached.
[I 240809 17:20:15 smartConnect:121] in pool
[W 240809 17:20:15 smartWebSocketV2:319] Attempting to resubscribe/reconnect (Attempt 1)...
[W 240809 17:20:25 smartWebSocketV2:343] Connection closed due to max retry attempts reached.
[W 240809 17:20:25 smartWebSocketV2:343] Connection closed due to max retry attempts reached.
[W 240809 17:20:25 smartWebSocketV2:343] Connection closed due to max retry attempts reached.
[W 240809 17:20:25 smartWebSocketV2:343] Connection closed due to max retry attempts reached.
[W 240809 17:20:25 smartWebSocketV2:343] Connection closed due to max retry attempts reached.
[I 240809 17:20:40 smartConnect:121] in pool
[W 240809 17:20:41 smartWebSocketV2:319] Attempting to resubscribe/reconnect (Attempt 1)...
[W 240809 17:20:51 smartWebSocketV2:343] Connection closed due to max retry attempts reached.
[W 240809 17:20:51 smartWebSocketV2:343] Connection closed due to max retry attempts reached.
[W 240809 17:20:51 smartWebSocketV2:343] Connection closed due to max retry attempts reached.
[W 240809 17:20:51 smartWebSocketV2:343] Connection closed due to max retry attempts reached.
[W 240809 17:20:51 smartWebSocketV2:343] Connection closed due to max retry attempts reached.
[I 240809 17:21:58 smartConnect:121] in pool
[W 240809 17:21:59 smartWebSocketV2:319] Attempting to resubscribe/reconnect (Attempt 1)...
[W 240809 17:22:09 smartWebSocketV2:343] Connection closed due to max retry attempts reached.
[W 240809 17:22:09 smartWebSocketV2:343] Connection closed due to max retry attempts reached.
[W 240809 17:22:09 smartWebSocketV2:343] Connection closed due to max retry attempts reached.
[W 240809 17:22:09 smartWebSocketV2:343] Connection closed due to max retry attempts reached.
[W 240809 17:22:09 smartWebSocketV2:343] Connection closed due to max retry attempts reached.
[I 240809 17:22:10 smartConnect:121] in pool
[W 240809 17:22:11 smartWebSocketV2:319] Attempting to resubscribe/reconnect (Attempt 1)...
[W 240809 17:23:16 smartWebSocketV2:319] Attempting to resubscribe/reconnect (Attempt 1)...
[W 240809 17:23:26 smartWebSocketV2:343] Connection closed due to max retry attempts reached.
[W 240809 17:23:26 smartWebSocketV2:343] Connection closed due to max retry attempts reached.
[W 240809 17:23:26 smartWebSocketV2:343] Connection closed due to max retry attempts reached.
[W 240809 17:23:26 smartWebSocketV2:343] Connection closed due to max retry attempts reached.
[W 240809 17:23:26 smartWebSocketV2:343] Connection closed due to max retry attempts reached.
[I 240809 17:23:27 smartConnect:121] in pool
[W 240809 17:23:28 smartWebSocketV2:319] Attempting to resubscribe/reconnect (Attempt 1)...
[W 240809 17:23:38 smartWebSocketV2:343] Connection closed due to max retry attempts reached.
[W 240809 17:23:38 smartWebSocketV2:343] Connection closed due to max retry attempts reached.
[W 240809 17:23:38 smartWebSocketV2:343] Connection closed due to max retry attempts reached.
[W 240809 17:23:38 smartWebSocketV2:343] Connection closed due to max retry attempts reached.
[W 240809 17:23:38 smartWebSocketV2:343] Connection closed due to max retry attempts reached.
[I 240809 17:23:39 smartConnect:121] in pool
[W 240809 17:23:40 smartWebSocketV2:319] Attempting to resubscribe/reconnect (Attempt 1)...
[W 240809 17:27:25 smartWebSocketV2:319] Attempting to resubscribe/reconnect (Attempt 1)...
[W 240809 17:27:36 smartWebSocketV2:343] Connection closed due to max retry attempts reached.
[W 240809 17:27:36 smartWebSocketV2:343] Connection closed due to max retry attempts reached.
[W 240809 17:27:36 smartWebSocketV2:343] Connection closed due to max retry attempts reached.
[W 240809 17:27:36 smartWebSocketV2:343] Connection closed due to max retry attempts reached.
[W 240809 17:27:36 smartWebSocketV2:343] Connection closed due to max retry attempts reached.
[I 240809 17:27:37 smartConnect:121] in pool
[W 240809 17:27:37 smartWebSocketV2:319] Attempting to resubscribe/reconnect (Attempt 1)...
[W 240809 17:27:48 smartWebSocketV2:343] Connection closed due to max retry attempts reached.
[W 240809 17:27:48 smartWebSocketV2:343] Connection closed due to max retry attempts reached.
[W 240809 17:27:48 smartWebSocketV2:343] Connection closed due to max retry attempts reached.
[W 240809 17:27:48 smartWebSocketV2:343] Connection closed due to max retry attempts reached.
[W 240809 17:27:48 smartWebSocketV2:343] Connection closed due to max retry attempts reached.
[I 240809 17:27:49 smartConnect:121] in pool
[W 240809 17:27:49 smartWebSocketV2:319] Attempting to resubscribe/reconnect (Attempt 1)...
[W 240809 17:34:59 smartWebSocketV2:319] Attempting to resubscribe/reconnect (Attempt 1)...
[W 240809 17:35:09 smartWebSocketV2:343] Connection closed due to max retry attempts reached.
[W 240809 17:35:09 smartWebSocketV2:343] Connection closed due to max retry attempts reached.
[W 240809 17:35:09 smartWebSocketV2:343] Connection closed due to max retry attempts reached.
[W 240809 17:45:02 smartWebSocketV2:319] Attempting to resubscribe/reconnect (Attempt 1)...
[W 240809 17:45:13 smartWebSocketV2:343] Connection closed due to max retry attempts reached.
[W 240809 17:45:13 smartWebSocketV2:343] Connection closed due to max retry attempts reached.
[W 240809 17:45:13 smartWebSocketV2:343] Connection closed due to max retry attempts reached.
